#
# There is insufficient memory for the Java Runtime Environment to continue.
# Native memory allocation (malloc) failed to allocate 1415616 bytes for Chunk::new
# Possible reasons:
#   The system is out of physical RAM or swap space
#   In 32 bit mode, the process size limit was hit
# Possible solutions:
#   Reduce memory load on the system
#   Increase physical memory or swap space
#   Check if swap backing store is full
#   Use 64 bit Java on a 64 bit OS
#   Decrease Java heap size (-Xmx/-Xms)
#   Decrease number of Java threads
#   Decrease Java thread stack sizes (-Xss)
#   Set larger code cache with -XX:ReservedCodeCacheSize=
# This output file may be truncated or incomplete.
#
#  Out of Memory Error (allocation.cpp:390), pid=3884, tid=2824
#
# JRE version: Java(TM) SE Runtime Environment (8.0_45-b15) (build 1.8.0_45-b15)
# Java VM: Java HotSpot(TM) 64-Bit Server VM (25.45-b02 mixed mode windows-amd64 compressed oops)
# Failed to write core dump. Minidumps are not enabled by default on client versions of Windows
#

---------------  T H R E A D  ---------------

Current thread (0x0000000014ffb000):  JavaThread "C2 CompilerThread0" daemon [_thread_in_native, id=2824, stack(0x00000000164f0000,0x00000000165f0000)]

Stack: [0x00000000164f0000,0x00000000165f0000]
Native frames: (J=compiled Java code, j=interpreted, Vv=VM code, C=native code)
V  [jvm.dll+0x32b57a]
V  [jvm.dll+0x279873]
V  [jvm.dll+0x27a509]
V  [jvm.dll+0x271825]
V  [jvm.dll+0xcb9e2]
V  [jvm.dll+0xcbeac]
V  [jvm.dll+0x476ef2]
V  [jvm.dll+0x4b955f]
V  [jvm.dll+0x46b6b5]
V  [jvm.dll+0x46ccbe]
V  [jvm.dll+0x4500f2]
V  [jvm.dll+0xa4352]
V  [jvm.dll+0xa4c8f]
V  [jvm.dll+0x241984]
V  [jvm.dll+0x29853a]
C  [msvcr100.dll+0x21d9f]
C  [msvcr100.dll+0x21e3b]
C  [KERNEL32.DLL+0x13d2]
C  [ntdll.dll+0x15444]


Current CompileTask:
C2:    920 1476       4       com.android.dx.dex.code.OutputFinisher::addConstants (93 bytes)


---------------  P R O C E S S  ---------------

Java Threads: ( => current thread )
  0x000000001667a000 JavaThread "Service Thread" daemon [_thread_blocked, id=8520, stack(0x0000000016bf0000,0x0000000016cf0000)]
  0x0000000014ffe800 JavaThread "C1 CompilerThread2" daemon [_thread_in_native, id=5520, stack(0x0000000016af0000,0x0000000016bf0000)]
  0x0000000014ffd000 JavaThread "C2 CompilerThread1" daemon [_thread_in_native, id=4540, stack(0x00000000169f0000,0x0000000016af0000)]
=>0x0000000014ffb000 JavaThread "C2 CompilerThread0" daemon [_thread_in_native, id=2824, stack(0x00000000164f0000,0x00000000165f0000)]
  0x0000000014faf000 JavaThread "Attach Listener" daemon [_thread_blocked, id=9760, stack(0x00000000163f0000,0x00000000164f0000)]
  0x0000000014f99000 JavaThread "Signal Dispatcher" daemon [_thread_blocked, id=3964, stack(0x00000000162f0000,0x00000000163f0000)]
  0x00000000028c7000 JavaThread "Finalizer" daemon [_thread_blocked, id=9396, stack(0x00000000161f0000,0x00000000162f0000)]
  0x00000000028be000 JavaThread "Reference Handler" daemon [_thread_blocked, id=10060, stack(0x00000000160f0000,0x00000000161f0000)]
  0x00000000026cd800 JavaThread "main" [_thread_in_Java, id=9604, stack(0x00000000026d0000,0x00000000027d0000)]

Other Threads:
  0x0000000014f67800 VMThread [stack: 0x0000000015ff0000,0x00000000160f0000] [id=8712]
  0x0000000016683000 WatcherThread [stack: 0x0000000016cf0000,0x0000000016df0000] [id=4564]

VM state:not at safepoint (normal execution)

VM Mutex/Monitor currently owned by a thread: None

Heap:
 PSYoungGen      total 38400K, used 29685K [0x00000000eab00000, 0x00000000ed580000, 0x0000000100000000)
  eden space 33280K, 73% used [0x00000000eab00000,0x00000000ec301700,0x00000000ecb80000)
  from space 5120K, 99% used [0x00000000ecb80000,0x00000000ed07be10,0x00000000ed080000)
  to   space 5120K, 0% used [0x00000000ed080000,0x00000000ed080000,0x00000000ed580000)
 ParOldGen       total 87552K, used 2060K [0x00000000c0000000, 0x00000000c5580000, 0x00000000eab00000)
  object space 87552K, 2% used [0x00000000c0000000,0x00000000c0203330,0x00000000c5580000)
 Metaspace       used 5999K, capacity 7152K, committed 7296K, reserved 1056768K
  class space    used 574K, capacity 616K, committed 640K, reserved 1048576K

Card table byte_map: [0x0000000011c90000,0x0000000011ea0000] byte_map_base: 0x0000000011690000

Marking Bits: (ParMarkBitMap*) 0x000000006f834040
 Begin Bits: [0x0000000012400000, 0x0000000013400000)
 End Bits:   [0x0000000013400000, 0x0000000014400000)

Polling page: 0x0000000002310000

CodeCache: size=245760Kb used=6355Kb max_used=6355Kb free=239404Kb
 bounds [0x00000000028d0000, 0x0000000002f10000, 0x00000000118d0000]
 total_blobs=1858 nmethods=1591 adapters=180
 compilation: enabled

Compilation events (10 events):
Event: 0.899 Thread 0x0000000014ffe800 1572       1       com.android.dx.dex.code.form.Form11x::codeSize (2 bytes)
Event: 0.899 Thread 0x0000000014ffe800 nmethod 1572 0x0000000002edf790 code [0x0000000002edf8e0, 0x0000000002edf9f0]
Event: 0.900 Thread 0x0000000014ffe800 1573   !   2       com.android.dx.rop.code.RegisterSpecSet::remove (30 bytes)
Event: 0.900 Thread 0x0000000014ffe800 nmethod 1573 0x0000000002edfa50 code [0x0000000002edfbc0, 0x0000000002edfe28]
Event: 0.900 Thread 0x0000000014ffe800 1574       2       com.android.dx.dex.file.FieldIdsSection::get (49 bytes)
Event: 0.900 Thread 0x0000000014ffe800 nmethod 1574 0x0000000002ee0010 code [0x0000000002ee01c0, 0x0000000002ee05b8]
Event: 0.900 Thread 0x0000000014ffe800 1575       2       com.android.dx.dex.code.form.Form22c::isCompatible (99 bytes)
Event: 0.900 Thread 0x0000000014ffe800 nmethod 1575 0x0000000002ee0850 code [0x0000000002ee09e0, 0x0000000002ee0dc8]
Event: 0.900 Thread 0x0000000014ffe800 1576       2       java.util.ComparableTimSort::sort (219 bytes)
Event: 0.901 Thread 0x0000000014ffe800 nmethod 1576 0x0000000002ee1090 code [0x0000000002ee1260, 0x0000000002ee16d8]

GC Heap History (2 events):
Event: 0.583 GC heap before
{Heap before GC invocations=1 (full 0):
 PSYoungGen      total 38400K, used 33280K [0x00000000eab00000, 0x00000000ed580000, 0x0000000100000000)
  eden space 33280K, 100% used [0x00000000eab00000,0x00000000ecb80000,0x00000000ecb80000)
  from space 5120K, 0% used [0x00000000ed080000,0x00000000ed080000,0x00000000ed580000)
  to   space 5120K, 0% used [0x00000000ecb80000,0x00000000ecb80000,0x00000000ed080000)
 ParOldGen       total 87552K, used 0K [0x00000000c0000000, 0x00000000c5580000, 0x00000000eab00000)
  object space 87552K, 0% used [0x00000000c0000000,0x00000000c0000000,0x00000000c5580000)
 Metaspace       used 5665K, capacity 6896K, committed 7040K, reserved 1056768K
  class space    used 554K, capacity 616K, committed 640K, reserved 1048576K
Event: 0.591 GC heap after
Heap after GC invocations=1 (full 0):
 PSYoungGen      total 38400K, used 5103K [0x00000000eab00000, 0x00000000ed580000, 0x0000000100000000)
  eden space 33280K, 0% used [0x00000000eab00000,0x00000000eab00000,0x00000000ecb80000)
  from space 5120K, 99% used [0x00000000ecb80000,0x00000000ed07be10,0x00000000ed080000)
  to   space 5120K, 0% used [0x00000000ed080000,0x00000000ed080000,0x00000000ed580000)
 ParOldGen       total 87552K, used 2060K [0x00000000c0000000, 0x00000000c5580000, 0x00000000eab00000)
  object space 87552K, 2% used [0x00000000c0000000,0x00000000c0203330,0x00000000c5580000)
 Metaspace       used 5665K, capacity 6896K, committed 7040K, reserved 1056768K
  class space    used 554K, capacity 616K, committed 640K, reserved 1048576K
}

Deoptimization events (10 events):
Event: 0.855 Thread 0x00000000026cd800 Uncommon trap: reason=class_check action=maybe_recompile pc=0x0000000002daa968 method=java.util.Arrays.hashCode([Ljava/lang/Object;)I @ 43
Event: 0.857 Thread 0x00000000026cd800 Uncommon trap: reason=bimorphic action=maybe_recompile pc=0x0000000002b46ca8 method=java.util.HashMap.getNode(ILjava/lang/Object;)Ljava/util/HashMap$Node; @ 126
Event: 0.858 Thread 0x00000000026cd800 Uncommon trap: reason=bimorphic action=maybe_recompile pc=0x0000000002eaadfc method=java.util.Arrays.hashCode([Ljava/lang/Object;)I @ 43
Event: 0.858 Thread 0x00000000026cd800 Uncommon trap: reason=bimorphic action=maybe_recompile pc=0x0000000002eaadfc method=java.util.Arrays.hashCode([Ljava/lang/Object;)I @ 43
Event: 0.858 Thread 0x00000000026cd800 Uncommon trap: reason=bimorphic action=maybe_recompile pc=0x0000000002eaadfc method=java.util.Arrays.hashCode([Ljava/lang/Object;)I @ 43
Event: 0.858 Thread 0x00000000026cd800 Uncommon trap: reason=bimorphic action=maybe_recompile pc=0x0000000002eaadfc method=java.util.Arrays.hashCode([Ljava/lang/Object;)I @ 43
Event: 0.861 Thread 0x00000000026cd800 Uncommon trap: reason=bimorphic action=maybe_recompile pc=0x0000000002b46ca8 method=java.util.HashMap.getNode(ILjava/lang/Object;)Ljava/util/HashMap$Node; @ 126
Event: 0.861 Thread 0x00000000026cd800 Uncommon trap: reason=bimorphic action=maybe_recompile pc=0x0000000002b46ca8 method=java.util.HashMap.getNode(ILjava/lang/Object;)Ljava/util/HashMap$Node; @ 126
Event: 0.861 Thread 0x00000000026cd800 Uncommon trap: reason=bimorphic action=maybe_recompile pc=0x0000000002c3f7d4 method=java.util.HashMap.getNode(ILjava/lang/Object;)Ljava/util/HashMap$Node; @ 126
Event: 0.901 Thread 0x00000000026cd800 Uncommon trap: reason=speculate_class_check action=maybe_recompile pc=0x0000000002c6ff9c method=com.android.dx.util.FixedSizeList.equals(Ljava/lang/Object;)Z @ 25

Internal exceptions (5 events):
Event: 0.028 Thread 0x00000000026cd800 Exception <a 'java/lang/NoSuchMethodError': Method sun.misc.Unsafe.defineClass(Ljava/lang/String;[BII)Ljava/lang/Class; name or signature does not match> (0x00000000eab12ed0) thrown at [C:\re\workspace\8-2-build-windows-amd64-cygwin\jdk8u45\3627\hotspot\srjjÙ. »œ?
Event: 0.028 Thread 0x00000000026cd800 Exception <a 'java/lang/NoSuchMethodError': Method sun.misc.Unsafe.prefetchRead(Ljava/lang/Object;J)V name or signature does not match> (0x00000000eab13160) thrown at [C:\re\workspace\8-2-build-windows-amd64-cygwin\jdk8u45\3627\hotspot\src\share\vm\prims\jé…<+±áÙ?
Event: 0.404 Thread 0x00000000026cd800 Implicit null exception at 0x0000000002bf2be2 to 0x0000000002bf2cd2
Event: 0.614 Thread 0x00000000026cd800 Implicit null exception at 0x0000000002d5239c to 0x0000000002d53b3d
Event: 0.614 Thread 0x00000000026cd800 Implicit null exception at 0x0000000002d05d0c to 0x0000000002d071bd

Events (10 events):
Event: 0.889 loading class com/android/dx/dex/code/CatchHandlerList done
Event: 0.890 loading class com/android/dx/dex/code/CatchTable
Event: 0.890 loading class com/android/dx/dex/code/CatchTable done
Event: 0.901 loading class com/android/dx/dex/code/CatchHandlerList$Entry
Event: 0.901 loading class com/android/dx/dex/code/CatchHandlerList$Entry done
Event: 0.901 Thread 0x00000000026cd800 Uncommon trap: trap_request=0xffffff76 fr.pc=0x0000000002c6ff9c
Event: 0.901 Thread 0x00000000026cd800 DEOPT PACKING pc=0x0000000002c6ff9c sp=0x00000000027cf0f0
Event: 0.901 Thread 0x00000000026cd800 DEOPT UNPACKING pc=0x000000000291582a sp=0x00000000027cf0b0 mode 2
Event: 0.901 loading class com/android/dx/dex/code/CatchTable$Entry
Event: 0.901 loading class com/android/dx/dex/code/CatchTable$Entry done


Dynamic libraries:
0x00007ff7fa7c0000 - 0x00007ff7fa7f7000 	C:\Program Files\Java\jdk1.8.0_45\bin\java.exe
0x00007ff9cbd30000 - 0x00007ff9cbedc000 	C:\Windows\SYSTEM32\ntdll.dll
0x00007ff9cb500000 - 0x00007ff9cb63e000 	C:\Windows\system32\KERNEL32.DLL
0x00007ff9c8fa0000 - 0x00007ff9c90b5000 	C:\Windows\system32\KERNELBASE.dll
0x00007ff9c7a20000 - 0x00007ff9c7aae000 	C:\Windows\system32\apphelp.dll
0x00007ff9b5b70000 - 0x00007ff9b5bc3000 	C:\Windows\AppPatch\AppPatch64\AcGenral.DLL
0x00007ff9cb350000 - 0x00007ff9cb3fa000 	C:\Windows\system32\msvcrt.dll
0x00007ff9c8e40000 - 0x00007ff9c8e6e000 	C:\Windows\SYSTEM32\SspiCli.dll
0x00007ff9c9490000 - 0x00007ff9c94e4000 	C:\Windows\system32\SHLWAPI.dll
0x00007ff9c9550000 - 0x00007ff9c96c7000 	C:\Windows\system32\USER32.dll
0x00007ff9cb640000 - 0x00007ff9cb7d4000 	C:\Windows\system32\ole32.dll
0x00007ff9c9820000 - 0x00007ff9cad38000 	C:\Windows\system32\SHELL32.dll
0x00007ff9c84a0000 - 0x00007ff9c84c1000 	C:\Windows\SYSTEM32\USERENV.dll
0x00007ff9cafe0000 - 0x00007ff9cb08a000 	C:\Windows\system32\ADVAPI32.dll
0x00007ff9c26e0000 - 0x00007ff9c26fe000 	C:\Windows\SYSTEM32\MPR.dll
0x00007ff9c96d0000 - 0x00007ff9c9811000 	C:\Windows\system32\RPCRT4.dll
0x00007ff9c94f0000 - 0x00007ff9c9549000 	C:\Windows\SYSTEM32\sechost.dll
0x00007ff9cad50000 - 0x00007ff9caf61000 	C:\Windows\SYSTEM32\combase.dll
0x00007ff9cb090000 - 0x00007ff9cb1e1000 	C:\Windows\system32\GDI32.dll
0x00007ff9c8e80000 - 0x00007ff9c8e95000 	C:\Windows\SYSTEM32\profapi.dll
0x00007ff9c73d0000 - 0x00007ff9c7482000 	C:\Windows\SYSTEM32\SHCORE.dll
0x00007ff9cb4c0000 - 0x00007ff9cb4f6000 	C:\Windows\system32\IMM32.DLL
0x00007ff9cb1f0000 - 0x00007ff9cb342000 	C:\Windows\system32\MSCTF.dll
0x00007ff9c6920000 - 0x00007ff9c6b9b000 	C:\Windows\WinSxS\amd64_microsoft.windows.common-controls_6595b64144ccf1df_6.0.9600.17784_none_624760d1ecb7236e\COMCTL32.dll
0x000000006e180000 - 0x000000006e252000 	C:\Program Files\Java\jdk1.8.0_45\jre\bin\msvcr100.dll
0x000000006f030000 - 0x000000006f8b3000 	C:\Program Files\Java\jdk1.8.0_45\jre\bin\server\jvm.dll
0x00007ff9c4f70000 - 0x00007ff9c4f79000 	C:\Windows\SYSTEM32\WSOCK32.dll
0x00007ff9b6ba0000 - 0x00007ff9b6bc2000 	C:\Windows\SYSTEM32\WINMM.dll
0x00007ff9c65b0000 - 0x00007ff9c65ba000 	C:\Windows\SYSTEM32\VERSION.dll
0x00007ff9c93b0000 - 0x00007ff9c93b7000 	C:\Windows\system32\PSAPI.DLL
0x00007ff9cb8a0000 - 0x00007ff9cb8fa000 	C:\Windows\system32\WS2_32.dll
0x00007ff9b6b70000 - 0x00007ff9b6b9a000 	C:\Windows\SYSTEM32\WINMMBASE.dll
0x00007ff9cb960000 - 0x00007ff9cb969000 	C:\Windows\system32\NSI.dll
0x00007ff9c8f50000 - 0x00007ff9c8f9f000 	C:\Windows\SYSTEM32\cfgmgr32.dll
0x00007ff9c7c90000 - 0x00007ff9c7cb8000 	C:\Windows\SYSTEM32\DEVOBJ.dll
0x000000006f020000 - 0x000000006f02f000 	C:\Program Files\Java\jdk1.8.0_45\jre\bin\verify.dll
0x000000006eff0000 - 0x000000006f019000 	C:\Program Files\Java\jdk1.8.0_45\jre\bin\java.dll
0x000000006efd0000 - 0x000000006efe6000 	C:\Program Files\Java\jdk1.8.0_45\jre\bin\zip.dll
0x00007ff9c2fb0000 - 0x00007ff9c3139000 	C:\Windows\SYSTEM32\dbghelp.dll

VM Arguments:
jvm_args: -Xmx1024M -Dfile.encoding=x-windows-949 -Duser.country=KR -Duser.language=ko -Duser.variant 
java_command: com.android.dx.command.Main --dex --output E:\App\ImFree\app\build\intermediates\dex\debug E:\App\ImFree\app\build\intermediates\classes\debug E:\App\ImFree\app\build\intermediates\pre-dexed\debug\support-annotations-22.1.1-7c4ad5f701c51fa5cf2116e250aaa2d33f8c7233.jar E:\App\ImFree\app\build\intermediates\pre-dexed\debug\classes-c8c884cc45307d440aed508d4c659d8cc55f4dcc.jar E:\App\ImFree\app\build\intermediates\pre-dexed\debug\classes-10aa22448b109ded424687c7b4b0b4dbf5593cfe.jar E:\App\ImFree\app\build\intermediates\pre-dexed\debug\internal_impl-22.1.1-b9d6cb0818cd3d96d56a4e9f842c792c472e1ff3.jar E:\App\ImFree\app\build\intermediates\pre-dexed\debug\classes-306452cae1a1ad6316ae51392ad5ead6aebf2e22.jar E:\App\ImFree\app\build\intermediates\pre-dexed\debug\classes-01d5eaa65df7d346cab44e1157c9dbc152d71631.jar E:\App\ImFree\app\build\intermediates\pre-dexed\debug\classes-0ba1c6e1e7516625c4064986d4efaa711ac68be3.jar
java_class_path (initial): C:\Android\SDK\build-tools\22.0.1\lib\dx.jar
Launcher Type: SUN_STANDARD

Environment Variables:
JAVA_HOME=C:\Program Files\Java\jdk1.8.0_45
PATH=C:\ProgramData\Oracle\Java\javapath;C:\Windows\system32;C:\Windows;C:\Windows\System32\Wbem;C:\Windows\System32\WindowsPowerShell\v1.0\;C:\Program Files (x86)\ATI Technologies\ATI.ACE\Core-Static;C:\Program Files\Java\jdk1.8.0_45\bin;C:\Program Files (x86)\Windows Kits\8.1\Windows Performance Toolkit\;C:\Program Files\Microsoft SQL Server\110\Tools\Binn\;C:\Program Files (x86)\Microsoft SDKs\TypeScript\1.0\;C:\Program Files\Microsoft SQL Server\120\Tools\Binn\;C:\Program Files\Microsoft SQL Server\120\DTS\Binn\;C:\Program Files\Microsoft SQL Server\Client SDK\ODBC\110\Tools\Binn\;C:\Program Files (x86)\Microsoft SQL Server\120\Tools\Binn\;C:\Program Files (x86)\Microsoft SQL Server\120\Tools\Binn\ManagementStudio\;C:\Program Files (x86)\Microsoft SQL Server\120\DTS\Binn\
USERNAME=Á¾¿­
OS=Windows_NT
PROCESSOR_IDENTIFIER=Intel64 Family 6 Model 42 Stepping 7, GenuineIntel



---------------  S Y S T E M  ---------------

OS: Windows 8.1 , 64 bit Build 9600 (6.3.9600.17415)

CPU:total 4 (4 cores per cpu, 1 threads per core) family 6 model 42 stepping 7, cmov, cx8, fxsr, mmx, sse, sse2, sse3, ssse3, sse4.1, sse4.2, popcnt, avx, aes, clmul, tsc, tscinvbit

Memory: 4k page, physical 8369388k(2453104k free), swap 9417964k(5272k free)

vm_info: Java HotSpot(TM) 64-Bit Server VM (25.45-b02) for windows-amd64 JRE (1.8.0_45-b15), built on Apr 30 2015 12:40:44 by "java_re" with MS VC++ 10.0 (VS2010)

time: Sun Jun 07 22:22:48 2015
elapsed time: 0 seconds (0d 0h 0m 0s)

