#
# There is insufficient memory for the Java Runtime Environment to continue.
# Native memory allocation (malloc) failed to allocate 2142256 bytes for Chunk::new
# Possible reasons:
#   The system is out of physical RAM or swap space
#   In 32 bit mode, the process size limit was hit
# Possible solutions:
#   Reduce memory load on the system
#   Increase physical memory or swap space
#   Check if swap backing store is full
#   Use 64 bit Java on a 64 bit OS
#   Decrease Java heap size (-Xmx/-Xms)
#   Decrease number of Java threads
#   Decrease Java thread stack sizes (-Xss)
#   Set larger code cache with -XX:ReservedCodeCacheSize=
# This output file may be truncated or incomplete.
#
#  Out of Memory Error (allocation.cpp:390), pid=1812, tid=9012
#
# JRE version: Java(TM) SE Runtime Environment (8.0_45-b15) (build 1.8.0_45-b15)
# Java VM: Java HotSpot(TM) 64-Bit Server VM (25.45-b02 mixed mode windows-amd64 compressed oops)
# Failed to write core dump. Minidumps are not enabled by default on client versions of Windows
#

---------------  T H R E A D  ---------------

Current thread (0x00000000152ca000):  JavaThread "C2 CompilerThread0" daemon [_thread_in_native, id=9012, stack(0x00000000167d0000,0x00000000168d0000)]

Stack: [0x00000000167d0000,0x00000000168d0000]
Native frames: (J=compiled Java code, j=interpreted, Vv=VM code, C=native code)
V  [jvm.dll+0x32b57a]
V  [jvm.dll+0x279873]
V  [jvm.dll+0x27a509]
V  [jvm.dll+0x271825]
V  [jvm.dll+0xcb9e2]
V  [jvm.dll+0xcbeac]
V  [jvm.dll+0x476ef2]
V  [jvm.dll+0x4b955f]
V  [jvm.dll+0x46bf81]
V  [jvm.dll+0x46ccbe]
V  [jvm.dll+0x4500f2]
V  [jvm.dll+0xa4352]
V  [jvm.dll+0xa4c8f]
V  [jvm.dll+0x241984]
V  [jvm.dll+0x29853a]
C  [msvcr100.dll+0x21d9f]
C  [msvcr100.dll+0x21e3b]
C  [KERNEL32.DLL+0x13d2]
C  [ntdll.dll+0x15444]


Current CompileTask:
C2:    851 1333   !   4       com.android.dx.cf.cst.ConstantPoolParser::parse0 (731 bytes)


---------------  P R O C E S S  ---------------

Java Threads: ( => current thread )
  0x0000000016952000 JavaThread "Service Thread" daemon [_thread_blocked, id=2536, stack(0x0000000016ed0000,0x0000000016fd0000)]
  0x00000000152ce800 JavaThread "C1 CompilerThread2" daemon [_thread_blocked, id=9904, stack(0x0000000016dd0000,0x0000000016ed0000)]
  0x00000000152cd000 JavaThread "C2 CompilerThread1" daemon [_thread_in_native, id=5832, stack(0x0000000016cd0000,0x0000000016dd0000)]
=>0x00000000152ca000 JavaThread "C2 CompilerThread0" daemon [_thread_in_native, id=9012, stack(0x00000000167d0000,0x00000000168d0000)]
  0x000000001527f000 JavaThread "Attach Listener" daemon [_thread_blocked, id=8164, stack(0x00000000166d0000,0x00000000167d0000)]
  0x000000001527e000 JavaThread "Signal Dispatcher" daemon [_thread_blocked, id=1664, stack(0x00000000165d0000,0x00000000166d0000)]
  0x0000000002b96800 JavaThread "Finalizer" daemon [_thread_blocked, id=4088, stack(0x00000000164d0000,0x00000000165d0000)]
  0x0000000015239800 JavaThread "Reference Handler" daemon [_thread_blocked, id=6876, stack(0x00000000163d0000,0x00000000164d0000)]
  0x0000000000e8d800 JavaThread "main" [_thread_in_native, id=4700, stack(0x00000000025d0000,0x00000000026d0000)]

Other Threads:
  0x0000000015237000 VMThread [stack: 0x00000000162d0000,0x00000000163d0000] [id=9692]
  0x0000000016963800 WatcherThread [stack: 0x0000000016fd0000,0x00000000170d0000] [id=9488]

VM state:not at safepoint (normal execution)

VM Mutex/Monitor currently owned by a thread: None

Heap:
 PSYoungGen      total 38400K, used 22651K [0x00000000eab00000, 0x00000000ef600000, 0x0000000100000000)
  eden space 33280K, 52% used [0x00000000eab00000,0x00000000ebc21b38,0x00000000ecb80000)
  from space 5120K, 99% used [0x00000000ecb80000,0x00000000ed07d228,0x00000000ed080000)
  to   space 5120K, 0% used [0x00000000ef100000,0x00000000ef100000,0x00000000ef600000)
 ParOldGen       total 87552K, used 1986K [0x00000000c0000000, 0x00000000c5580000, 0x00000000eab00000)
  object space 87552K, 2% used [0x00000000c0000000,0x00000000c01f0b88,0x00000000c5580000)
 Metaspace       used 5720K, capacity 6960K, committed 7040K, reserved 1056768K
  class space    used 555K, capacity 616K, committed 640K, reserved 1048576K

Card table byte_map: [0x0000000011f60000,0x0000000012170000] byte_map_base: 0x0000000011960000

Marking Bits: (ParMarkBitMap*) 0x000000006f834040
 Begin Bits: [0x00000000126d0000, 0x00000000136d0000)
 End Bits:   [0x00000000136d0000, 0x00000000146d0000)

Polling page: 0x0000000000e20000

CodeCache: size=245760Kb used=5950Kb max_used=5987Kb free=239809Kb
 bounds [0x0000000002ba0000, 0x0000000003180000, 0x0000000011ba0000]
 total_blobs=1675 nmethods=1408 adapters=180
 compilation: enabled

Compilation events (10 events):
Event: 0.765 Thread 0x00000000152ce800 1414       3       com.android.dx.ssa.back.FirstFitLocalCombiningAllocator::handleLocalAssociatedParams (132 bytes)
Event: 0.765 Thread 0x00000000152ce800 nmethod 1414 0x000000000315b6d0 code [0x000000000315b960, 0x000000000315c8c8]
Event: 0.766 Thread 0x00000000152ce800 1415       3       com.android.dx.ssa.back.FirstFitLocalCombiningAllocator::getLocalItemForReg (97 bytes)
Event: 0.766 Thread 0x00000000152ce800 nmethod 1415 0x000000000315d190 code [0x000000000315d3e0, 0x000000000315e358]
Event: 0.768 Thread 0x00000000152ce800 1416       3       com.android.dx.dex.file.ClassDefItem::addVirtualMethod (9 bytes)
Event: 0.769 Thread 0x00000000152ce800 nmethod 1416 0x000000000315e8d0 code [0x000000000315ea80, 0x000000000315f138]
Event: 0.778 Thread 0x00000000152ce800 1417       3       com.android.dx.dex.file.DexFile::internIfAppropriate (128 bytes)
Event: 0.779 Thread 0x00000000152ce800 nmethod 1417 0x000000000315f510 code [0x000000000315f7a0, 0x0000000003160d18]
Event: 0.780 Thread 0x00000000152ce800 1418       3       sun.nio.cs.ext.DoubleByte$Encoder::encodeChar (21 bytes)
Event: 0.781 Thread 0x00000000152ce800 nmethod 1418 0x0000000003161290 code [0x0000000003161400, 0x00000000031615b0]

GC Heap History (2 events):
Event: 0.629 GC heap before
{Heap before GC invocations=1 (full 0):
 PSYoungGen      total 38400K, used 33280K [0x00000000eab00000, 0x00000000ed580000, 0x0000000100000000)
  eden space 33280K, 100% used [0x00000000eab00000,0x00000000ecb80000,0x00000000ecb80000)
  from space 5120K, 0% used [0x00000000ed080000,0x00000000ed080000,0x00000000ed580000)
  to   space 5120K, 0% used [0x00000000ecb80000,0x00000000ecb80000,0x00000000ed080000)
 ParOldGen       total 87552K, used 0K [0x00000000c0000000, 0x00000000c5580000, 0x00000000eab00000)
  object space 87552K, 0% used [0x00000000c0000000,0x00000000c0000000,0x00000000c5580000)
 Metaspace       used 5671K, capacity 6960K, committed 7040K, reserved 1056768K
  class space    used 554K, capacity 616K, committed 640K, reserved 1048576K
Event: 0.637 GC heap after
Heap after GC invocations=1 (full 0):
 PSYoungGen      total 38400K, used 5108K [0x00000000eab00000, 0x00000000ef600000, 0x0000000100000000)
  eden space 33280K, 0% used [0x00000000eab00000,0x00000000eab00000,0x00000000ecb80000)
  from space 5120K, 99% used [0x00000000ecb80000,0x00000000ed07d228,0x00000000ed080000)
  to   space 5120K, 0% used [0x00000000ef100000,0x00000000ef100000,0x00000000ef600000)
 ParOldGen       total 87552K, used 1986K [0x00000000c0000000, 0x00000000c5580000, 0x00000000eab00000)
  object space 87552K, 2% used [0x00000000c0000000,0x00000000c01f0b88,0x00000000c5580000)
 Metaspace       used 5671K, capacity 6960K, committed 7040K, reserved 1056768K
  class space    used 554K, capacity 616K, committed 640K, reserved 1048576K
}

Deoptimization events (10 events):
Event: 0.429 Thread 0x0000000000e8d800 Uncommon trap: reason=class_check action=maybe_recompile pc=0x0000000002e481b0 method=com.android.dx.ssa.NormalSsaInsn.accept(Lcom/android/dx/ssa/SsaInsn$Visitor;)V @ 9
Event: 0.429 Thread 0x0000000000e8d800 Uncommon trap: reason=class_check action=maybe_recompile pc=0x0000000002e6a8d4 method=com.android.dx.ssa.NormalSsaInsn.accept(Lcom/android/dx/ssa/SsaInsn$Visitor;)V @ 9
Event: 0.504 Thread 0x0000000000e8d800 Uncommon trap: reason=unstable_if action=reinterpret pc=0x0000000002d331dc method=com.android.dx.rop.cst.Constant.compareTo(Lcom/android/dx/rop/cst/Constant;)I @ 12
Event: 0.621 Thread 0x0000000000e8d800 Uncommon trap: reason=unstable_if action=reinterpret pc=0x000000000307bcb8 method=com.android.dx.cf.code.Ropper.labelToResultIndex(I)I @ 34
Event: 0.671 Thread 0x0000000000e8d800 Uncommon trap: reason=null_check action=make_not_entrant pc=0x000000000300de78 method=com.android.dx.ssa.SsaRenamer.getLocalForNewReg(I)Lcom/android/dx/rop/code/LocalItem; @ 19
Event: 0.671 Thread 0x0000000000e8d800 Uncommon trap: reason=null_check action=make_not_entrant pc=0x0000000002fcfc34 method=com.android.dx.ssa.SsaRenamer.getLocalForNewReg(I)Lcom/android/dx/rop/code/LocalItem; @ 19
Event: 0.688 Thread 0x0000000000e8d800 Uncommon trap: reason=unstable_if action=reinterpret pc=0x00000000030fa0b0 method=java.util.HashMap.putVal(ILjava/lang/Object;Ljava/lang/Object;ZZ)Ljava/lang/Object; @ 94
Event: 0.716 Thread 0x0000000000e8d800 Uncommon trap: reason=unstable_if action=reinterpret pc=0x00000000030e02d8 method=com.android.dx.ssa.SCCP.simulateStmt(Lcom/android/dx/ssa/SsaInsn;)V @ 418
Event: 0.762 Thread 0x0000000000e8d800 Uncommon trap: reason=unstable_if action=reinterpret pc=0x0000000002fbe720 method=com.android.dx.ssa.SsaRenamer$BlockRenamer.addMapping(ILcom/android/dx/rop/code/RegisterSpec;)V @ 120
Event: 0.789 Thread 0x0000000000e8d800 Uncommon trap: reason=unstable_if action=reinterpret pc=0x0000000002d22b74 method=java.lang.String.replace(CC)Ljava/lang/String; @ 26

Internal exceptions (5 events):
Event: 0.026 Thread 0x0000000000e8d800 Exception <a 'java/lang/NoSuchMethodError': Method sun.misc.Unsafe.defineClass(Ljava/lang/String;[BII)Ljava/lang/Class; name or signature does not match> (0x00000000eab12d30) thrown at [C:\re\workspace\8-2-build-windows-amd64-cygwin\jdk8u45\3627\hotspot\sršå}‹qaš?
Event: 0.026 Thread 0x0000000000e8d800 Exception <a 'java/lang/NoSuchMethodError': Method sun.misc.Unsafe.prefetchRead(Ljava/lang/Object;J)V name or signature does not match> (0x00000000eab12fc0) thrown at [C:\re\workspace\8-2-build-windows-amd64-cygwin\jdk8u45\3627\hotspot\src\share\vm\prims\jôE =,Û?
Event: 0.425 Thread 0x0000000000e8d800 Implicit null exception at 0x0000000002eb2f22 to 0x0000000002eb3012
Event: 0.671 Thread 0x0000000000e8d800 Implicit null exception at 0x000000000300c69c to 0x000000000300de2d
Event: 0.671 Thread 0x0000000000e8d800 Implicit null exception at 0x0000000002fce74c to 0x0000000002fcfc01

Events (10 events):
Event: 0.762 Thread 0x0000000000e8d800 Uncommon trap: trap_request=0xffffff65 fr.pc=0x0000000002fbe720
Event: 0.762 Thread 0x0000000000e8d800 DEOPT PACKING pc=0x0000000002fbe720 sp=0x00000000026ce000
Event: 0.762 Thread 0x0000000000e8d800 DEOPT UNPACKING pc=0x0000000002be582a sp=0x00000000026cdf90 mode 2
Event: 0.776 Thread 0x0000000000e8d800 DEOPT PACKING pc=0x0000000002f4f46d sp=0x00000000026cdf80
Event: 0.777 Thread 0x0000000000e8d800 DEOPT UNPACKING pc=0x0000000002be787f sp=0x00000000026cdd18 mode 0
Event: 0.788 loading class java/util/zip/ZipFile$ZipEntryIterator
Event: 0.788 loading class java/util/zip/ZipFile$ZipEntryIterator done
Event: 0.789 Thread 0x0000000000e8d800 Uncommon trap: trap_request=0xffffff65 fr.pc=0x0000000002d22b74
Event: 0.789 Thread 0x0000000000e8d800 DEOPT PACKING pc=0x0000000002d22b74 sp=0x00000000026ceae0
Event: 0.789 Thread 0x0000000000e8d800 DEOPT UNPACKING pc=0x0000000002be582a sp=0x00000000026cea68 mode 2


Dynamic libraries:
0x00007ff7fa7c0000 - 0x00007ff7fa7f7000 	C:\Program Files\Java\jdk1.8.0_45\bin\java.exe
0x00007ff9cbd30000 - 0x00007ff9cbedc000 	C:\Windows\SYSTEM32\ntdll.dll
0x00007ff9cb500000 - 0x00007ff9cb63e000 	C:\Windows\system32\KERNEL32.DLL
0x00007ff9c8fa0000 - 0x00007ff9c90b5000 	C:\Windows\system32\KERNELBASE.dll
0x00007ff9c7a20000 - 0x00007ff9c7aae000 	C:\Windows\system32\apphelp.dll
0x00007ff9b5b70000 - 0x00007ff9b5bc3000 	C:\Windows\AppPatch\AppPatch64\AcGenral.DLL
0x00007ff9cb350000 - 0x00007ff9cb3fa000 	C:\Windows\system32\msvcrt.dll
0x00007ff9c8e40000 - 0x00007ff9c8e6e000 	C:\Windows\SYSTEM32\SspiCli.dll
0x00007ff9c9490000 - 0x00007ff9c94e4000 	C:\Windows\system32\SHLWAPI.dll
0x00007ff9c9550000 - 0x00007ff9c96c7000 	C:\Windows\system32\USER32.dll
0x00007ff9cb640000 - 0x00007ff9cb7d4000 	C:\Windows\system32\ole32.dll
0x00007ff9c9820000 - 0x00007ff9cad38000 	C:\Windows\system32\SHELL32.dll
0x00007ff9c84a0000 - 0x00007ff9c84c1000 	C:\Windows\SYSTEM32\USERENV.dll
0x00007ff9cafe0000 - 0x00007ff9cb08a000 	C:\Windows\system32\ADVAPI32.dll
0x00007ff9c26e0000 - 0x00007ff9c26fe000 	C:\Windows\SYSTEM32\MPR.dll
0x00007ff9c96d0000 - 0x00007ff9c9811000 	C:\Windows\system32\RPCRT4.dll
0x00007ff9c94f0000 - 0x00007ff9c9549000 	C:\Windows\SYSTEM32\sechost.dll
0x00007ff9cad50000 - 0x00007ff9caf61000 	C:\Windows\SYSTEM32\combase.dll
0x00007ff9cb090000 - 0x00007ff9cb1e1000 	C:\Windows\system32\GDI32.dll
0x00007ff9c8e80000 - 0x00007ff9c8e95000 	C:\Windows\SYSTEM32\profapi.dll
0x00007ff9c73d0000 - 0x00007ff9c7482000 	C:\Windows\SYSTEM32\SHCORE.dll
0x00007ff9cb4c0000 - 0x00007ff9cb4f6000 	C:\Windows\system32\IMM32.DLL
0x00007ff9cb1f0000 - 0x00007ff9cb342000 	C:\Windows\system32\MSCTF.dll
0x00007ff9c6920000 - 0x00007ff9c6b9b000 	C:\Windows\WinSxS\amd64_microsoft.windows.common-controls_6595b64144ccf1df_6.0.9600.17784_none_624760d1ecb7236e\COMCTL32.dll
0x000000006e180000 - 0x000000006e252000 	C:\Program Files\Java\jdk1.8.0_45\jre\bin\msvcr100.dll
0x000000006f030000 - 0x000000006f8b3000 	C:\Program Files\Java\jdk1.8.0_45\jre\bin\server\jvm.dll
0x00007ff9c4f70000 - 0x00007ff9c4f79000 	C:\Windows\SYSTEM32\WSOCK32.dll
0x00007ff9b6ba0000 - 0x00007ff9b6bc2000 	C:\Windows\SYSTEM32\WINMM.dll
0x00007ff9c65b0000 - 0x00007ff9c65ba000 	C:\Windows\SYSTEM32\VERSION.dll
0x00007ff9c93b0000 - 0x00007ff9c93b7000 	C:\Windows\system32\PSAPI.DLL
0x00007ff9cb8a0000 - 0x00007ff9cb8fa000 	C:\Windows\system32\WS2_32.dll
0x00007ff9b6b70000 - 0x00007ff9b6b9a000 	C:\Windows\SYSTEM32\WINMMBASE.dll
0x00007ff9cb960000 - 0x00007ff9cb969000 	C:\Windows\system32\NSI.dll
0x00007ff9c8f50000 - 0x00007ff9c8f9f000 	C:\Windows\SYSTEM32\cfgmgr32.dll
0x00007ff9c7c90000 - 0x00007ff9c7cb8000 	C:\Windows\SYSTEM32\DEVOBJ.dll
0x000000006f020000 - 0x000000006f02f000 	C:\Program Files\Java\jdk1.8.0_45\jre\bin\verify.dll
0x000000006eff0000 - 0x000000006f019000 	C:\Program Files\Java\jdk1.8.0_45\jre\bin\java.dll
0x000000006efd0000 - 0x000000006efe6000 	C:\Program Files\Java\jdk1.8.0_45\jre\bin\zip.dll
0x00007ff9c2fb0000 - 0x00007ff9c3139000 	C:\Windows\SYSTEM32\dbghelp.dll

VM Arguments:
jvm_args: -Xmx1024M -Dfile.encoding=x-windows-949 -Duser.country=KR -Duser.language=ko -Duser.variant 
java_command: com.android.dx.command.Main --dex --output E:\App\ImFree\app\build\intermediates\dex\debug E:\App\ImFree\app\build\intermediates\classes\debug E:\App\ImFree\app\build\intermediates\pre-dexed\debug\support-annotations-22.1.1-7c4ad5f701c51fa5cf2116e250aaa2d33f8c7233.jar E:\App\ImFree\app\build\intermediates\pre-dexed\debug\classes-c8c884cc45307d440aed508d4c659d8cc55f4dcc.jar E:\App\ImFree\app\build\intermediates\pre-dexed\debug\classes-10aa22448b109ded424687c7b4b0b4dbf5593cfe.jar E:\App\ImFree\app\build\intermediates\pre-dexed\debug\internal_impl-22.1.1-b9d6cb0818cd3d96d56a4e9f842c792c472e1ff3.jar E:\App\ImFree\app\build\intermediates\pre-dexed\debug\classes-306452cae1a1ad6316ae51392ad5ead6aebf2e22.jar E:\App\ImFree\app\build\intermediates\pre-dexed\debug\classes-01d5eaa65df7d346cab44e1157c9dbc152d71631.jar E:\App\ImFree\app\build\intermediates\pre-dexed\debug\classes-0ba1c6e1e7516625c4064986d4efaa711ac68be3.jar
java_class_path (initial): C:\Android\SDK\build-tools\22.0.1\lib\dx.jar
Launcher Type: SUN_STANDARD

Environment Variables:
JAVA_HOME=C:\Program Files\Java\jdk1.8.0_45
PATH=C:\ProgramData\Oracle\Java\javapath;C:\Windows\system32;C:\Windows;C:\Windows\System32\Wbem;C:\Windows\System32\WindowsPowerShell\v1.0\;C:\Program Files (x86)\ATI Technologies\ATI.ACE\Core-Static;C:\Program Files\Java\jdk1.8.0_45\bin;C:\Program Files (x86)\Windows Kits\8.1\Windows Performance Toolkit\;C:\Program Files\Microsoft SQL Server\110\Tools\Binn\;C:\Program Files (x86)\Microsoft SDKs\TypeScript\1.0\;C:\Program Files\Microsoft SQL Server\120\Tools\Binn\;C:\Program Files\Microsoft SQL Server\120\DTS\Binn\;C:\Program Files\Microsoft SQL Server\Client SDK\ODBC\110\Tools\Binn\;C:\Program Files (x86)\Microsoft SQL Server\120\Tools\Binn\;C:\Program Files (x86)\Microsoft SQL Server\120\Tools\Binn\ManagementStudio\;C:\Program Files (x86)\Microsoft SQL Server\120\DTS\Binn\
USERNAME=Á¾¿­
OS=Windows_NT
PROCESSOR_IDENTIFIER=Intel64 Family 6 Model 42 Stepping 7, GenuineIntel



---------------  S Y S T E M  ---------------

OS: Windows 8.1 , 64 bit Build 9600 (6.3.9600.17415)

CPU:total 4 (4 cores per cpu, 1 threads per core) family 6 model 42 stepping 7, cmov, cx8, fxsr, mmx, sse, sse2, sse3, ssse3, sse4.1, sse4.2, popcnt, avx, aes, clmul, tsc, tscinvbit

Memory: 4k page, physical 8369388k(2483224k free), swap 9417964k(10212k free)

vm_info: Java HotSpot(TM) 64-Bit Server VM (25.45-b02) for windows-amd64 JRE (1.8.0_45-b15), built on Apr 30 2015 12:40:44 by "java_re" with MS VC++ 10.0 (VS2010)

time: Sun Jun 07 22:23:12 2015
elapsed time: 0 seconds (0d 0h 0m 0s)

