#
# There is insufficient memory for the Java Runtime Environment to continue.
# Native memory allocation (malloc) failed to allocate 1048576 bytes for AllocateHeap
# Possible reasons:
#   The system is out of physical RAM or swap space
#   In 32 bit mode, the process size limit was hit
# Possible solutions:
#   Reduce memory load on the system
#   Increase physical memory or swap space
#   Check if swap backing store is full
#   Use 64 bit Java on a 64 bit OS
#   Decrease Java heap size (-Xmx/-Xms)
#   Decrease number of Java threads
#   Decrease Java thread stack sizes (-Xss)
#   Set larger code cache with -XX:ReservedCodeCacheSize=
# This output file may be truncated or incomplete.
#
#  Out of Memory Error (memory/allocation.inline.hpp:61), pid=3104, tid=5916
#
# JRE version:  (8.0_45-b15) (build )
# Java VM: Java HotSpot(TM) 64-Bit Server VM (25.45-b02 mixed mode windows-amd64 compressed oops)
# Failed to write core dump. Minidumps are not enabled by default on client versions of Windows
#

---------------  T H R E A D  ---------------

Current thread (0x00000000027cd800):  JavaThread "Unknown thread" [_thread_in_vm, id=5916, stack(0x0000000002630000,0x0000000002730000)]

Stack: [0x0000000002630000,0x0000000002730000]
Native frames: (J=compiled Java code, j=interpreted, Vv=VM code, C=native code)
V  [jvm.dll+0x32b57a]
V  [jvm.dll+0x279873]
V  [jvm.dll+0x27a509]
V  [jvm.dll+0x271825]
V  [jvm.dll+0x1606]
V  [jvm.dll+0x270892]
V  [jvm.dll+0x3eee4a]
V  [jvm.dll+0x3ea7a7]
V  [jvm.dll+0xf2cf2]
V  [jvm.dll+0x20f0c9]
V  [jvm.dll+0x240e0a]
V  [jvm.dll+0x15ba41]
C  [java.exe+0x216e]
C  [java.exe+0xcce7]
C  [java.exe+0xcd7b]
C  [KERNEL32.DLL+0x13d2]
C  [ntdll.dll+0x15444]


---------------  P R O C E S S  ---------------

Java Threads: ( => current thread )

Other Threads:

=>0x00000000027cd800 (exited) JavaThread "Unknown thread" [_thread_in_vm, id=5916, stack(0x0000000002630000,0x0000000002730000)]

VM state:not at safepoint (normal execution)

VM Mutex/Monitor currently owned by a thread: None

Heap:
 PSYoungGen      total 38400K, used 665K [0x00000000eab00000, 0x00000000ed580000, 0x0000000100000000)
  eden space 33280K, 2% used [0x00000000eab00000,0x00000000eaba6670,0x00000000ecb80000)
  from space 5120K, 0% used [0x00000000ed080000,0x00000000ed080000,0x00000000ed580000)
  to   space 5120K, 0% used [0x00000000ecb80000,0x00000000ecb80000,0x00000000ed080000)
 ParOldGen       total 87552K, used 0K [0x00000000c0000000, 0x00000000c5580000, 0x00000000eab00000)
  object space 87552K, 0% used [0x00000000c0000000,0x00000000c0000000,0x00000000c5580000)
 Metaspace       used 766K, capacity 4480K, committed 4480K, reserved 1056768K
  class space    used 75K, capacity 384K, committed 384K, reserved 1048576K

Card table byte_map: [0x0000000011c90000,0x0000000011ea0000] byte_map_base: 0x0000000011690000

Marking Bits: (ParMarkBitMap*) 0x000000006f6e4040
 Begin Bits: [0x0000000012400000, 0x0000000013400000)
 End Bits:   [0x0000000013400000, 0x0000000014400000)

Polling page: 0x00000000009a0000

CodeCache: size=245760Kb used=328Kb max_used=328Kb free=245431Kb
 bounds [0x00000000028d0000, 0x0000000002b40000, 0x00000000118d0000]
 total_blobs=57 nmethods=0 adapters=37
 compilation: enabled

Compilation events (0 events):
No events

GC Heap History (0 events):
No events

Deoptimization events (0 events):
No events

Internal exceptions (0 events):
No events

Events (10 events):
Event: 0.018 loading class java/lang/Short
Event: 0.018 loading class java/lang/Short done
Event: 0.018 loading class java/lang/Integer
Event: 0.018 loading class java/lang/Integer done
Event: 0.018 loading class java/lang/Long
Event: 0.018 loading class java/lang/Long done
Event: 0.019 loading class java/lang/NullPointerException
Event: 0.019 loading class java/lang/NullPointerException done
Event: 0.019 loading class java/lang/ArithmeticException
Event: 0.019 loading class java/lang/ArithmeticException done


Dynamic libraries:
0x00007ff7b37d0000 - 0x00007ff7b3807000 	C:\Program Files\Java\jdk1.8.0_45\bin\java.exe
0x00007ff9cbd30000 - 0x00007ff9cbedc000 	C:\Windows\SYSTEM32\ntdll.dll
0x00007ff9cb500000 - 0x00007ff9cb63e000 	C:\Windows\system32\KERNEL32.DLL
0x00007ff9c8fa0000 - 0x00007ff9c90b5000 	C:\Windows\system32\KERNELBASE.dll
0x00007ff9c7a20000 - 0x00007ff9c7aae000 	C:\Windows\system32\apphelp.dll
0x00007ff9b0700000 - 0x00007ff9b0753000 	C:\Windows\AppPatch\AppPatch64\AcGenral.DLL
0x00007ff9cb350000 - 0x00007ff9cb3fa000 	C:\Windows\system32\msvcrt.dll
0x00007ff9c8e40000 - 0x00007ff9c8e6e000 	C:\Windows\SYSTEM32\SspiCli.dll
0x00007ff9c9490000 - 0x00007ff9c94e4000 	C:\Windows\system32\SHLWAPI.dll
0x00007ff9c9550000 - 0x00007ff9c96c7000 	C:\Windows\system32\USER32.dll
0x00007ff9cb640000 - 0x00007ff9cb7d4000 	C:\Windows\system32\ole32.dll
0x00007ff9c9820000 - 0x00007ff9cad38000 	C:\Windows\system32\SHELL32.dll
0x00007ff9c84a0000 - 0x00007ff9c84c1000 	C:\Windows\SYSTEM32\USERENV.dll
0x00007ff9cafe0000 - 0x00007ff9cb08a000 	C:\Windows\system32\ADVAPI32.dll
0x00007ff9c26e0000 - 0x00007ff9c26fe000 	C:\Windows\SYSTEM32\MPR.dll
0x00007ff9c96d0000 - 0x00007ff9c9811000 	C:\Windows\system32\RPCRT4.dll
0x00007ff9c94f0000 - 0x00007ff9c9549000 	C:\Windows\SYSTEM32\sechost.dll
0x00007ff9cad50000 - 0x00007ff9caf61000 	C:\Windows\SYSTEM32\combase.dll
0x00007ff9cb090000 - 0x00007ff9cb1e1000 	C:\Windows\system32\GDI32.dll
0x00007ff9c8e80000 - 0x00007ff9c8e95000 	C:\Windows\SYSTEM32\profapi.dll
0x00007ff9c73d0000 - 0x00007ff9c7482000 	C:\Windows\SYSTEM32\SHCORE.dll
0x00007ff9cb4c0000 - 0x00007ff9cb4f6000 	C:\Windows\system32\IMM32.DLL
0x00007ff9cb1f0000 - 0x00007ff9cb342000 	C:\Windows\system32\MSCTF.dll
0x00007ff9c6920000 - 0x00007ff9c6b9b000 	C:\Windows\WinSxS\amd64_microsoft.windows.common-controls_6595b64144ccf1df_6.0.9600.17784_none_624760d1ecb7236e\COMCTL32.dll
0x000000006ea60000 - 0x000000006eb32000 	C:\Program Files\Java\jdk1.8.0_45\jre\bin\msvcr100.dll
0x000000006eee0000 - 0x000000006f763000 	C:\Program Files\Java\jdk1.8.0_45\jre\bin\server\jvm.dll
0x00007ff9c63a0000 - 0x00007ff9c63a9000 	C:\Windows\SYSTEM32\WSOCK32.dll
0x00007ff9b6ba0000 - 0x00007ff9b6bc2000 	C:\Windows\SYSTEM32\WINMM.dll
0x00007ff9c65b0000 - 0x00007ff9c65ba000 	C:\Windows\SYSTEM32\VERSION.dll
0x00007ff9c93b0000 - 0x00007ff9c93b7000 	C:\Windows\system32\PSAPI.DLL
0x00007ff9cb8a0000 - 0x00007ff9cb8fa000 	C:\Windows\system32\WS2_32.dll
0x00007ff9b6b70000 - 0x00007ff9b6b9a000 	C:\Windows\SYSTEM32\WINMMBASE.dll
0x00007ff9cb960000 - 0x00007ff9cb969000 	C:\Windows\system32\NSI.dll
0x00007ff9c8f50000 - 0x00007ff9c8f9f000 	C:\Windows\SYSTEM32\cfgmgr32.dll
0x00007ff9c7c90000 - 0x00007ff9c7cb8000 	C:\Windows\SYSTEM32\DEVOBJ.dll
0x000000006eed0000 - 0x000000006eedf000 	C:\Program Files\Java\jdk1.8.0_45\jre\bin\verify.dll
0x000000006eea0000 - 0x000000006eec9000 	C:\Program Files\Java\jdk1.8.0_45\jre\bin\java.dll
0x000000006ee80000 - 0x000000006ee96000 	C:\Program Files\Java\jdk1.8.0_45\jre\bin\zip.dll
0x00007ff9c2fb0000 - 0x00007ff9c3139000 	C:\Windows\SYSTEM32\dbghelp.dll

VM Arguments:
jvm_args: -Xmx1024M -Dfile.encoding=x-windows-949 -Duser.country=KR -Duser.language=ko -Duser.variant 
java_command: com.android.dx.command.Main --dex --output E:\App\ImFree\app\build\intermediates\dex\debug E:\App\ImFree\app\build\intermediates\classes\debug E:\App\ImFree\app\build\intermediates\pre-dexed\debug\support-annotations-22.1.1-7c4ad5f701c51fa5cf2116e250aaa2d33f8c7233.jar E:\App\ImFree\app\build\intermediates\pre-dexed\debug\classes-c8c884cc45307d440aed508d4c659d8cc55f4dcc.jar E:\App\ImFree\app\build\intermediates\pre-dexed\debug\classes-10aa22448b109ded424687c7b4b0b4dbf5593cfe.jar E:\App\ImFree\app\build\intermediates\pre-dexed\debug\classes-69849e7b6d549784ffbba142981d25437e02bc19.jar E:\App\ImFree\app\build\intermediates\pre-dexed\debug\internal_impl-22.1.1-b9d6cb0818cd3d96d56a4e9f842c792c472e1ff3.jar E:\App\ImFree\app\build\intermediates\pre-dexed\debug\classes-306452cae1a1ad6316ae51392ad5ead6aebf2e22.jar E:\App\ImFree\app\build\intermediates\pre-dexed\debug\classes-01d5eaa65df7d346cab44e1157c9dbc152d71631.jar E:\App\ImFree\app\build\intermediates\pre-dexed\debug\classes-0ba1c6e1e7516625c4064986d4efaa711ac68be3.jar
java_class_path (initial): C:\Android\SDK\build-tools\22.0.1\lib\dx.jar
Launcher Type: SUN_STANDARD

Environment Variables:
JAVA_HOME=C:\Program Files\Java\jdk1.8.0_45
PATH=C:\ProgramData\Oracle\Java\javapath;C:\Windows\system32;C:\Windows;C:\Windows\System32\Wbem;C:\Windows\System32\WindowsPowerShell\v1.0\;C:\Program Files (x86)\ATI Technologies\ATI.ACE\Core-Static;C:\Program Files\Java\jdk1.8.0_45\bin;C:\Program Files (x86)\Windows Kits\8.1\Windows Performance Toolkit\;C:\Program Files\Microsoft SQL Server\110\Tools\Binn\;C:\Program Files (x86)\Microsoft SDKs\TypeScript\1.0\;C:\Program Files\Microsoft SQL Server\120\Tools\Binn\;C:\Program Files\Microsoft SQL Server\120\DTS\Binn\;C:\Program Files\Microsoft SQL Server\Client SDK\ODBC\110\Tools\Binn\;C:\Program Files (x86)\Microsoft SQL Server\120\Tools\Binn\;C:\Program Files (x86)\Microsoft SQL Server\120\Tools\Binn\ManagementStudio\;C:\Program Files (x86)\Microsoft SQL Server\120\DTS\Binn\
USERNAME=Á¾¿­
OS=Windows_NT
PROCESSOR_IDENTIFIER=Intel64 Family 6 Model 42 Stepping 7, GenuineIntel



---------------  S Y S T E M  ---------------

OS: Windows 8.1 , 64 bit Build 9600 (6.3.9600.17415)

CPU:total 4 (4 cores per cpu, 1 threads per core) family 6 model 42 stepping 7, cmov, cx8, fxsr, mmx, sse, sse2, sse3, ssse3, sse4.1, sse4.2, popcnt, avx, aes, clmul, tsc, tscinvbit

Memory: 4k page, physical 8369388k(1888772k free), swap 9417964k(5680k free)

vm_info: Java HotSpot(TM) 64-Bit Server VM (25.45-b02) for windows-amd64 JRE (1.8.0_45-b15), built on Apr 30 2015 12:40:44 by "java_re" with MS VC++ 10.0 (VS2010)

time: Sun Jun 07 03:53:49 2015
elapsed time: 0 seconds (0d 0h 0m 0s)

